<?xml version="1.0" encoding="UTF-8"?>
<testng-results ignored="0" total="1" passed="1" failed="0" skipped="0">
  <reporter-output>
  </reporter-output>
  <suite started-at="2023-03-28T19:01:17 IST" name="Default suite" finished-at="2023-03-28T19:01:19 IST" duration-ms="2517">
    <groups>
    </groups>
    <test started-at="2023-03-28T19:01:17 IST" name="Default test" finished-at="2023-03-28T19:01:19 IST" duration-ms="2517">
      <class name="com.example.testng.TestNG.TestNGTaskFiveTwo">
        <test-method is-config="true" signature="beforeClass()[pri:0, instance:com.example.testng.TestNG.TestNGTaskFiveTwo@2e6ba49a]" started-at="2023-03-28T19:01:17 IST" name="beforeClass" finished-at="2023-03-28T19:01:19 IST" duration-ms="1892" status="PASS">
          <reporter-output>
          </reporter-output>
        </test-method> <!-- beforeClass -->
        <test-method signature="DomainNameSearch()[pri:0, instance:com.example.testng.TestNG.TestNGTaskFiveTwo@2e6ba49a]" started-at="2023-03-28T19:01:19 IST" name="DomainNameSearch" finished-at="2023-03-28T19:01:19 IST" duration-ms="597" status="PASS">
          <reporter-output>
          </reporter-output>
        </test-method> <!-- DomainNameSearch -->
        <test-method is-config="true" signature="afterClass()[pri:0, instance:com.example.testng.TestNG.TestNGTaskFiveTwo@2e6ba49a]" started-at="2023-03-28T19:01:19 IST" name="afterClass" finished-at="2023-03-28T19:01:19 IST" duration-ms="0" status="PASS">
          <reporter-output>
          </reporter-output>
        </test-method> <!-- afterClass -->
      </class> <!-- com.example.testng.TestNG.TestNGTaskFiveTwo -->
    </test> <!-- Default test -->
  </suite> <!-- Default suite -->
</testng-results>
